<?xml version="1.0" encoding="UTF-8"?>
<!-- Generated by org.testng.reporters.JUnitXMLReporter -->
<testsuite ignored="0" hostname="LIN41007263" failures="1" tests="1" name="Test Demo" time="0.465" errors="0" timestamp="29 Dec 2021 10:07:19 GMT">
  <testcase classname="test.AmazonTest1" name="test5" time="0.399">
    <failure type="java.lang.NullPointerException" message="Cannot invoke &amp;quot;org.apache.poi.xssf.usermodel.XSSFCell.getStringCellValue()&amp;quot; because &amp;quot;cell&amp;quot; is null">
      <![CDATA[java.lang.NullPointerException: Cannot invoke "org.apache.poi.xssf.usermodel.XSSFCell.getStringCellValue()" because "cell" is null
at excel.Dataread.readcellvalue(Dataread.java:80)
at test.AmazonTest1.test5(AmazonTest1.java:72)
... Removed 25 stack frames]]>
    </failure>
  </testcase> <!-- test5 -->
</testsuite> <!-- Test Demo -->
