<?xml version="1.0" encoding="UTF-8"?>
<testng-results ignored="0" total="1" passed="1" failed="0" skipped="0">
  <reporter-output>
  </reporter-output>
  <suite started-at="2021-12-15T10:03:11Z" name="Default suite" finished-at="2021-12-15T10:03:26Z" duration-ms="15576">
    <groups>
    </groups>
    <test started-at="2021-12-15T10:03:11Z" name="Default test" finished-at="2021-12-15T10:03:26Z" duration-ms="15576">
      <class name="test.AmazonTest1">
        <test-method is-config="true" signature="initial_setup()[pri:0, instance:test.AmazonTest1@31f9b85e]" started-at="2021-12-15T10:03:11Z" name="initial_setup" finished-at="2021-12-15T10:03:13Z" duration-ms="2846" status="PASS">
          <reporter-output>
          </reporter-output>
        </test-method> <!-- initial_setup -->
        <test-method is-config="true" signature="setup()[pri:0, instance:test.AmazonTest1@31f9b85e]" started-at="2021-12-15T10:03:13Z" name="setup" finished-at="2021-12-15T10:03:17Z" duration-ms="4005" status="PASS">
          <reporter-output>
          </reporter-output>
        </test-method> <!-- setup -->
        <test-method signature="test()[pri:0, instance:test.AmazonTest1@31f9b85e]" started-at="2021-12-15T10:03:17Z" name="test" finished-at="2021-12-15T10:03:26Z" duration-ms="8542" status="PASS">
          <reporter-output>
          </reporter-output>
        </test-method> <!-- test -->
        <test-method is-config="true" signature="tear_down()[pri:0, instance:test.AmazonTest1@31f9b85e]" started-at="2021-12-15T10:03:26Z" name="tear_down" finished-at="2021-12-15T10:03:26Z" duration-ms="160" status="PASS">
          <reporter-output>
          </reporter-output>
        </test-method> <!-- tear_down -->
      </class> <!-- test.AmazonTest1 -->
    </test> <!-- Default test -->
  </suite> <!-- Default suite -->
</testng-results>
